<?xml version="1.0" encoding="UTF-8"?>
<!-- Generated by org.testng.reporters.JUnitReportReporter -->
<testsuite hostname="admin-PC" failures="0" tests="2" name="testNGparallelExecution.TetNg3" time="0.022" errors="0" timestamp="2023-01-23T14:01:00 IST" skipped="0">
  <testcase classname="testNGparallelExecution.TetNg3" name="method1" time="0.018"/>
  <system-out>
    <![CDATA[i am method1]]>
  </system-out>
  <testcase classname="testNGparallelExecution.TetNg3" name="method2" time="0.004"/>
  <system-out>
    <![CDATA[i am method2]]>
  </system-out>
</testsuite> <!-- testNGparallelExecution.TetNg3 -->
