<?xml version="1.0" encoding="UTF-8"?>
<!-- Generated by org.testng.reporters.JUnitReportReporter -->
<testsuite hostname="admin-PC" failures="0" tests="3" name="testNGpack.Sumo" time="0.008" errors="0" timestamp="2023-01-19T15:04:03 IST" skipped="0">
  <testcase classname="testNGpack.Sumo" name="sumo2" time="0.003"/>
  <system-out>
    <![CDATA[This is sumo2 method]]>
  </system-out>
  <testcase classname="testNGpack.Sumo" name="sumo" time="0.002"/>
  <system-out>
    <![CDATA[This is sumo method]]>
  </system-out>
  <testcase classname="testNGpack.Sumo" name="sumo1" time="0.003"/>
  <system-out>
    <![CDATA[This is sumo1 method]]>
  </system-out>
</testsuite> <!-- testNGpack.Sumo -->
