<?xml version="1.0" encoding="UTF-8"?>
<!-- Generated by org.testng.reporters.JUnitReportReporter -->
<testsuite hostname="admin-PC" failures="0" tests="1" name="testNGPack2.Class1" time="109.857" errors="0" timestamp="2023-01-20T14:19:59 IST" skipped="0">
  <testcase classname="testNGPack2.Class1" name="sql" time="109.857"/>
  <system-out>
    <![CDATA[method of class1]]>
  </system-out>
</testsuite> <!-- testNGPack2.Class1 -->
