<?xml version="1.0" encoding="UTF-8"?>
<!-- Generated by org.testng.reporters.JUnitReportReporter -->
<testsuite hostname="admin-PC" failures="0" tests="2" name="testNGparallelExecution.TestNg4" time="0.020" errors="0" timestamp="2023-01-23T14:39:40 IST" skipped="0">
  <testcase classname="testNGparallelExecution.TestNg4" name="today" time="0.015"/>
  <system-out>
    <![CDATA[today method1is the thread]]>
  </system-out>
  <testcase classname="testNGparallelExecution.TestNg4" name="tomarrow" time="0.005"/>
  <system-out>
    <![CDATA[tomarrow method1is the thread]]>
  </system-out>
</testsuite> <!-- testNGparallelExecution.TestNg4 -->
