<?xml version="1.0" encoding="UTF-8"?>
<!-- Generated by org.testng.reporters.JUnitReportReporter -->
<testsuite hostname="admin-PC" failures="0" tests="1" name="testNGpack.Demo2" time="0.003" errors="0" timestamp="2023-01-19T15:04:03 IST" skipped="0">
  <testcase classname="testNGpack.Demo2" name="test" time="0.003"/>
  <system-out>
    <![CDATA[Hello ]]>
  </system-out>
</testsuite> <!-- testNGpack.Demo2 -->
