<?xml version="1.0" encoding="UTF-8"?>
<!-- Generated by org.testng.reporters.JUnitReportReporter -->
<testsuite hostname="admin-PC" failures="0" tests="1" name="testNGparallelExecution.TestNg1" time="0.017" errors="0" timestamp="2023-01-23T13:54:46 IST" skipped="0">
  <testcase classname="testNGparallelExecution.TestNg1" name="m1" time="0.017"/>
  <system-out>
    <![CDATA[m1 method]]>
  </system-out>
</testsuite> <!-- testNGparallelExecution.TestNg1 -->
