<?xml version="1.0" encoding="UTF-8"?>
<!-- Generated by org.testng.reporters.JUnitReportReporter -->
<testsuite hostname="admin-PC" failures="0" tests="3" name="testNGpack.Remo" time="0.021" errors="0" timestamp="2023-01-20T13:45:46 IST" skipped="0">
  <testcase classname="testNGpack.Remo" name="remo1" time="0.002"/>
  <system-out>
    <![CDATA[This is remo1 method]]>
  </system-out>
  <testcase classname="testNGpack.Remo" name="remo2" time="0.002"/>
  <system-out>
    <![CDATA[This is remo2 method]]>
  </system-out>
  <testcase classname="testNGpack.Remo" name="remo" time="0.017"/>
  <system-out>
    <![CDATA[This is a remo method]]>
  </system-out>
</testsuite> <!-- testNGpack.Remo -->
