<?xml version="1.0" encoding="UTF-8"?>
<!-- Generated by org.testng.reporters.JUnitReportReporter -->
<testsuite hostname="admin-PC" failures="0" tests="12" name="testNGPack2.Falg6" time="0.040" errors="0" timestamp="2023-01-21T14:46:02 IST" skipped="0">
  <testcase classname="testNGPack2.Falg6" name="it4" time="0.002"/>
  <system-out>
    <![CDATA[Integration Testing4]]>
  </system-out>
  <testcase classname="testNGPack2.Falg6" name="it6" time="0.002"/>
  <system-out>
    <![CDATA[Integration Testing6]]>
  </system-out>
  <testcase classname="testNGPack2.Falg6" name="st2" time="0.005"/>
  <system-out>
    <![CDATA[System Testing2]]>
  </system-out>
  <testcase classname="testNGPack2.Falg6" name="st3" time="0.002"/>
  <system-out>
    <![CDATA[System Testing3]]>
  </system-out>
  <testcase classname="testNGPack2.Falg6" name="st4" time="0.002"/>
  <system-out>
    <![CDATA[System Testing4]]>
  </system-out>
  <testcase classname="testNGPack2.Falg6" name="st6" time="0.002"/>
  <system-out>
    <![CDATA[System Testing6]]>
  </system-out>
  <testcase classname="testNGPack2.Falg6" name="it2" time="0.002"/>
  <system-out>
    <![CDATA[Integration Testing2]]>
  </system-out>
  <testcase classname="testNGPack2.Falg6" name="it3" time="0.004"/>
  <system-out>
    <![CDATA[Integration Testing3]]>
  </system-out>
  <testcase classname="testNGPack2.Falg6" name="it1" time="0.013"/>
  <system-out>
    <![CDATA[Integration Testing]]>
  </system-out>
  <testcase classname="testNGPack2.Falg6" name="st1" time="0.002"/>
  <system-out>
    <![CDATA[System Testing]]>
  </system-out>
  <testcase classname="testNGPack2.Falg6" name="it5" time="0.002"/>
  <system-out>
    <![CDATA[Integration Testing5]]>
  </system-out>
  <testcase classname="testNGPack2.Falg6" name="st5" time="0.002"/>
  <system-out>
    <![CDATA[System Testing5]]>
  </system-out>
</testsuite> <!-- testNGPack2.Falg6 -->
